[2019-03-05 14:08:08] local.ERROR: Token has expired and can no longer be refreshed {"exception":"[object] (Tymon\\JWTAuth\\Exceptions\\TokenExpiredException(code: 0): Token has expired and can no longer be refreshed at /home/vagrant/code/barbao/vendor/tymon/jwt-auth/src/Claims/IssuedAt.php:59)
[stacktrace]
#0 [internal function]: Tymon\\JWTAuth\\Claims\\IssuedAt->validateRefresh(480)
#1 /home/vagrant/code/barbao/vendor/tymon/jwt-auth/src/Claims/Collection.php(62): call_user_func_array(Array, Array)
#2 /home/vagrant/code/barbao/vendor/laravel/framework/src/Illuminate/Support/Collection.php(418): Tymon\\JWTAuth\\Claims\\Collection->Tymon\\JWTAuth\\Claims\\{closure}(Object(Tymon\\JWTAuth\\Claims\\IssuedAt), 'iat')
#3 /home/vagrant/code/barbao/vendor/tymon/jwt-auth/src/Claims/Collection.php(64): Illuminate\\Support\\Collection->each(Object(Closure))
#4 /home/vagrant/code/barbao/vendor/tymon/jwt-auth/src/Validators/PayloadValidator.php(97): Tymon\\JWTAuth\\Claims\\Collection->validate('refresh', 480)
#5 /home/vagrant/code/barbao/vendor/tymon/jwt-auth/src/Validators/PayloadValidator.php(51): Tymon\\JWTAuth\\Validators\\PayloadValidator->validateRefresh(Object(Tymon\\JWTAuth\\Claims\\Collection))
#6 /home/vagrant/code/barbao/vendor/tymon/jwt-auth/src/Payload.php(46): Tymon\\JWTAuth\\Validators\\PayloadValidator->check(Object(Tymon\\JWTAuth\\Claims\\Collection))
#7 /home/vagrant/code/barbao/vendor/tymon/jwt-auth/src/Factory.php(185): Tymon\\JWTAuth\\Payload->__construct(Object(Tymon\\JWTAuth\\Claims\\Collection), Object(Tymon\\JWTAuth\\Validators\\PayloadValidator), true)
#8 /home/vagrant/code/barbao/vendor/tymon/jwt-auth/src/Factory.php(87): Tymon\\JWTAuth\\Factory->withClaims(Object(Tymon\\JWTAuth\\Claims\\Collection))
#9 /home/vagrant/code/barbao/vendor/tymon/jwt-auth/src/Manager.php(106): Tymon\\JWTAuth\\Factory->make()
#10 /home/vagrant/code/barbao/vendor/tymon/jwt-auth/src/Manager.php(128): Tymon\\JWTAuth\\Manager->decode(Object(Tymon\\JWTAuth\\Token))
#11 /home/vagrant/code/barbao/vendor/tymon/jwt-auth/src/JWT.php(106): Tymon\\JWTAuth\\Manager->refresh(Object(Tymon\\JWTAuth\\Token), false, false)
#12 /home/vagrant/code/barbao/vendor/tymon/jwt-auth/src/JWTGuard.php(173): Tymon\\JWTAuth\\JWT->refresh(false, false)
#13 /home/vagrant/code/barbao/app/Http/Controllers/Sistema/AuthController.php(78): Tymon\\JWTAuth\\JWTGuard->refresh()
#14 [internal function]: App\\Http\\Controllers\\Sistema\\AuthController->refresh()
#15 /home/vagrant/code/barbao/vendor/laravel/framework/src/Illuminate/Routing/Controller.php(54): call_user_func_array(Array, Array)
#16 /home/vagrant/code/barbao/vendor/laravel/framework/src/Illuminate/Routing/ControllerDispatcher.php(45): Illuminate\\Routing\\Controller->callAction('refresh', Array)
#17 /home/vagrant/code/barbao/vendor/laravel/framework/src/Illuminate/Routing/Route.php(219): Illuminate\\Routing\\ControllerDispatcher->dispatch(Object(Illuminate\\Routing\\Route), Object(App\\Http\\Controllers\\Sistema\\AuthController), 'refresh')
#18 /home/vagrant/code/barbao/vendor/laravel/framework/src/Illuminate/Routing/Route.php(176): Illuminate\\Routing\\Route->runController()
#19 /home/vagrant/code/barbao/vendor/laravel/framework/src/Illuminate/Routing/Router.php(682): Illuminate\\Routing\\Route->run()
#20 /home/vagrant/code/barbao/vendor/laravel/framework/src/Illuminate/Routing/Pipeline.php(30): Illuminate\\Routing\\Router->Illuminate\\Routing\\{closure}(Object(Illuminate\\Http\\Request))
#21 /home/vagrant/code/barbao/vendor/laravel/framework/src/Illuminate/Routing/Middleware/SubstituteBindings.php(41): Illuminate\\Routing\\Pipeline->Illuminate\\Routing\\{closure}(Object(Illuminate\\Http\\Request))
#22 /home/vagrant/code/barbao/vendor/laravel/framework/src/Illuminate/Pipeline/Pipeline.php(151): Illuminate\\Routing\\Middleware\\SubstituteBindings->handle(Object(Illuminate\\Http\\Request), Object(Closure))
#23 /home/vagrant/code/barbao/vendor/laravel/framework/src/Illuminate/Routing/Pipeline.php(53): Illuminate\\Pipeline\\Pipeline->Illuminate\\Pipeline\\{closure}(Object(Illuminate\\Http\\Request))
#24 /home/vagrant/code/barbao/vendor/laravel/framework/src/Illuminate/Routing/Middleware/ThrottleRequests.php(58): Illuminate\\Routing\\Pipeline->Illuminate\\Routing\\{closure}(Object(Illuminate\\Http\\Request))
#25 /home/vagrant/code/barbao/vendor/laravel/framework/src/Illuminate/Pipeline/Pipeline.php(151): Illuminate\\Routing\\Middleware\\ThrottleRequests->handle(Object(Illuminate\\Http\\Request), Object(Closure), 60, '1')
#26 /home/vagrant/code/barbao/vendor/laravel/framework/src/Illuminate/Routing/Pipeline.php(53): Illuminate\\Pipeline\\Pipeline->Illuminate\\Pipeline\\{closure}(Object(Illuminate\\Http\\Request))
#27 /home/vagrant/code/barbao/vendor/laravel/framework/src/Illuminate/Pipeline/Pipeline.php(104): Illuminate\\Routing\\Pipeline->Illuminate\\Routing\\{closure}(Object(Illuminate\\Http\\Request))
#28 /home/vagrant/code/barbao/vendor/laravel/framework/src/Illuminate/Routing/Router.php(684): Illuminate\\Pipeline\\Pipeline->then(Object(Closure))
#29 /home/vagrant/code/barbao/vendor/laravel/framework/src/Illuminate/Routing/Router.php(659): Illuminate\\Routing\\Router->runRouteWithinStack(Object(Illuminate\\Routing\\Route), Object(Illuminate\\Http\\Request))
#30 /home/vagrant/code/barbao/vendor/laravel/framework/src/Illuminate/Routing/Router.php(625): Illuminate\\Routing\\Router->runRoute(Object(Illuminate\\Http\\Request), Object(Illuminate\\Routing\\Route))
#31 /home/vagrant/code/barbao/vendor/laravel/framework/src/Illuminate/Routing/Router.php(614): Illuminate\\Routing\\Router->dispatchToRoute(Object(Illuminate\\Http\\Request))
#32 /home/vagrant/code/barbao/vendor/laravel/framework/src/Illuminate/Foundation/Http/Kernel.php(176): Illuminate\\Routing\\Router->dispatch(Object(Illuminate\\Http\\Request))
#33 /home/vagrant/code/barbao/vendor/laravel/framework/src/Illuminate/Routing/Pipeline.php(30): Illuminate\\Foundation\\Http\\Kernel->Illuminate\\Foundation\\Http\\{closure}(Object(Illuminate\\Http\\Request))
#34 /home/vagrant/code/barbao/vendor/fideloper/proxy/src/TrustProxies.php(57): Illuminate\\Routing\\Pipeline->Illuminate\\Routing\\{closure}(Object(Illuminate\\Http\\Request))
#35 /home/vagrant/code/barbao/vendor/laravel/framework/src/Illuminate/Pipeline/Pipeline.php(151): Fideloper\\Proxy\\TrustProxies->handle(Object(Illuminate\\Http\\Request), Object(Closure))
#36 /home/vagrant/code/barbao/vendor/laravel/framework/src/Illuminate/Routing/Pipeline.php(53): Illuminate\\Pipeline\\Pipeline->Illuminate\\Pipeline\\{closure}(Object(Illuminate\\Http\\Request))
#37 /home/vagrant/code/barbao/vendor/laravel/framework/src/Illuminate/Foundation/Http/Middleware/TransformsRequest.php(31): Illuminate\\Routing\\Pipeline->Illuminate\\Routing\\{closure}(Object(Illuminate\\Http\\Request))
#38 /home/vagrant/code/barbao/vendor/laravel/framework/src/Illuminate/Pipeline/Pipeline.php(151): Illuminate\\Foundation\\Http\\Middleware\\TransformsRequest->handle(Object(Illuminate\\Http\\Request), Object(Closure))
#39 /home/vagrant/code/barbao/vendor/laravel/framework/src/Illuminate/Routing/Pipeline.php(53): Illuminate\\Pipeline\\Pipeline->Illuminate\\Pipeline\\{closure}(Object(Illuminate\\Http\\Request))
#40 /home/vagrant/code/barbao/vendor/laravel/framework/src/Illuminate/Foundation/Http/Middleware/TransformsRequest.php(31): Illuminate\\Routing\\Pipeline->Illuminate\\Routing\\{closure}(Object(Illuminate\\Http\\Request))
#41 /home/vagrant/code/barbao/vendor/laravel/framework/src/Illuminate/Pipeline/Pipeline.php(151): Illuminate\\Foundation\\Http\\Middleware\\TransformsRequest->handle(Object(Illuminate\\Http\\Request), Object(Closure))
#42 /home/vagrant/code/barbao/vendor/laravel/framework/src/Illuminate/Routing/Pipeline.php(53): Illuminate\\Pipeline\\Pipeline->Illuminate\\Pipeline\\{closure}(Object(Illuminate\\Http\\Request))
#43 /home/vagrant/code/barbao/vendor/laravel/framework/src/Illuminate/Foundation/Http/Middleware/ValidatePostSize.php(27): Illuminate\\Routing\\Pipeline->Illuminate\\Routing\\{closure}(Object(Illuminate\\Http\\Request))
#44 /home/vagrant/code/barbao/vendor/laravel/framework/src/Illuminate/Pipeline/Pipeline.php(151): Illuminate\\Foundation\\Http\\Middleware\\ValidatePostSize->handle(Object(Illuminate\\Http\\Request), Object(Closure))
#45 /home/vagrant/code/barbao/vendor/laravel/framework/src/Illuminate/Routing/Pipeline.php(53): Illuminate\\Pipeline\\Pipeline->Illuminate\\Pipeline\\{closure}(Object(Illuminate\\Http\\Request))
#46 /home/vagrant/code/barbao/vendor/laravel/framework/src/Illuminate/Foundation/Http/Middleware/CheckForMaintenanceMode.php(62): Illuminate\\Routing\\Pipeline->Illuminate\\Routing\\{closure}(Object(Illuminate\\Http\\Request))
#47 /home/vagrant/code/barbao/vendor/laravel/framework/src/Illuminate/Pipeline/Pipeline.php(151): Illuminate\\Foundation\\Http\\Middleware\\CheckForMaintenanceMode->handle(Object(Illuminate\\Http\\Request), Object(Closure))
#48 /home/vagrant/code/barbao/vendor/laravel/framework/src/Illuminate/Routing/Pipeline.php(53): Illuminate\\Pipeline\\Pipeline->Illuminate\\Pipeline\\{closure}(Object(Illuminate\\Http\\Request))
#49 /home/vagrant/code/barbao/vendor/laravel/framework/src/Illuminate/Pipeline/Pipeline.php(104): Illuminate\\Routing\\Pipeline->Illuminate\\Routing\\{closure}(Object(Illuminate\\Http\\Request))
#50 /home/vagrant/code/barbao/vendor/laravel/framework/src/Illuminate/Foundation/Http/Kernel.php(151): Illuminate\\Pipeline\\Pipeline->then(Object(Closure))
#51 /home/vagrant/code/barbao/vendor/laravel/framework/src/Illuminate/Foundation/Http/Kernel.php(116): Illuminate\\Foundation\\Http\\Kernel->sendRequestThroughRouter(Object(Illuminate\\Http\\Request))
#52 /home/vagrant/code/barbao/public/index.php(55): Illuminate\\Foundation\\Http\\Kernel->handle(Object(Illuminate\\Http\\Request))
#53 {main}
"} 
